<?xml version="1.0" encoding="UTF-8"?>
<testng-results ignored="0" total="4" passed="4" failed="0" skipped="0">
  <reporter-output>
  </reporter-output>
  <suite started-at="2021-09-18T20:26:12 IST" name="Default suite" finished-at="2021-09-18T20:30:42 IST" duration-ms="269799">
    <groups>
    </groups>
    <test started-at="2021-09-18T20:26:12 IST" name="Default test" finished-at="2021-09-18T20:30:42 IST" duration-ms="269799">
      <class name="bankingTestNG.BankingTestNG">
        <test-method is-config="true" signature="setUp()[pri:0, instance:bankingTestNG.BankingTestNG@130161f7]" started-at="2021-09-18T20:26:13 IST" name="setUp" finished-at="2021-09-18T20:27:37 IST" duration-ms="84013" status="PASS">
          <reporter-output>
          </reporter-output>
        </test-method> <!-- setUp -->
        <test-method signature="testCase(java.lang.String,java.lang.String)[pri:0, instance:bankingTestNG.BankingTestNG@130161f7]" started-at="2021-09-18T20:27:37 IST" name="testCase" data-provider="GajaTest" finished-at="2021-09-18T20:27:42 IST" duration-ms="4825" status="PASS">
          <params>
            <param index="0">
              <value>
                <![CDATA[mngr1336]]>
              </value>
            </param>
            <param index="1">
              <value>
                <![CDATA[dAnavUq]]>
              </value>
            </param>
          </params>
          <reporter-output>
          </reporter-output>
        </test-method> <!-- testCase -->
        <test-method is-config="true" signature="tearDown()[pri:0, instance:bankingTestNG.BankingTestNG@130161f7]" started-at="2021-09-18T20:27:42 IST" name="tearDown" finished-at="2021-09-18T20:27:48 IST" duration-ms="5693" status="PASS">
          <reporter-output>
          </reporter-output>
        </test-method> <!-- tearDown -->
        <test-method is-config="true" signature="setUp()[pri:0, instance:bankingTestNG.BankingTestNG@130161f7]" started-at="2021-09-18T20:27:48 IST" name="setUp" finished-at="2021-09-18T20:28:08 IST" duration-ms="20497" status="PASS">
          <reporter-output>
          </reporter-output>
        </test-method> <!-- setUp -->
        <test-method signature="testCase(java.lang.String,java.lang.String)[pri:0, instance:bankingTestNG.BankingTestNG@130161f7]" started-at="2021-09-18T20:28:08 IST" name="testCase" data-provider="GajaTest" finished-at="2021-09-18T20:28:24 IST" duration-ms="15817" status="PASS">
          <params>
            <param index="0">
              <value>
                <![CDATA[invalid]]>
              </value>
            </param>
            <param index="1">
              <value>
                <![CDATA[valid]]>
              </value>
            </param>
          </params>
          <reporter-output>
          </reporter-output>
        </test-method> <!-- testCase -->
        <test-method is-config="true" signature="tearDown()[pri:0, instance:bankingTestNG.BankingTestNG@130161f7]" started-at="2021-09-18T20:28:24 IST" name="tearDown" finished-at="2021-09-18T20:28:30 IST" duration-ms="5562" status="PASS">
          <reporter-output>
          </reporter-output>
        </test-method> <!-- tearDown -->
        <test-method is-config="true" signature="setUp()[pri:0, instance:bankingTestNG.BankingTestNG@130161f7]" started-at="2021-09-18T20:28:30 IST" name="setUp" finished-at="2021-09-18T20:28:58 IST" duration-ms="28354" status="PASS">
          <reporter-output>
          </reporter-output>
        </test-method> <!-- setUp -->
        <test-method signature="testCase(java.lang.String,java.lang.String)[pri:0, instance:bankingTestNG.BankingTestNG@130161f7]" started-at="2021-09-18T20:28:58 IST" name="testCase" data-provider="GajaTest" finished-at="2021-09-18T20:29:00 IST" duration-ms="1420" status="PASS">
          <params>
            <param index="0">
              <value>
                <![CDATA[valid]]>
              </value>
            </param>
            <param index="1">
              <value>
                <![CDATA[invalid]]>
              </value>
            </param>
          </params>
          <reporter-output>
          </reporter-output>
        </test-method> <!-- testCase -->
        <test-method is-config="true" signature="tearDown()[pri:0, instance:bankingTestNG.BankingTestNG@130161f7]" started-at="2021-09-18T20:29:00 IST" name="tearDown" finished-at="2021-09-18T20:29:07 IST" duration-ms="7605" status="PASS">
          <reporter-output>
          </reporter-output>
        </test-method> <!-- tearDown -->
        <test-method is-config="true" signature="setUp()[pri:0, instance:bankingTestNG.BankingTestNG@130161f7]" started-at="2021-09-18T20:29:07 IST" name="setUp" finished-at="2021-09-18T20:30:15 IST" duration-ms="67588" status="PASS">
          <reporter-output>
          </reporter-output>
        </test-method> <!-- setUp -->
        <test-method signature="testCase(java.lang.String,java.lang.String)[pri:0, instance:bankingTestNG.BankingTestNG@130161f7]" started-at="2021-09-18T20:30:15 IST" name="testCase" data-provider="GajaTest" finished-at="2021-09-18T20:30:33 IST" duration-ms="18162" status="PASS">
          <params>
            <param index="0">
              <value>
                <![CDATA[invalid]]>
              </value>
            </param>
            <param index="1">
              <value>
                <![CDATA[invalid]]>
              </value>
            </param>
          </params>
          <reporter-output>
          </reporter-output>
        </test-method> <!-- testCase -->
        <test-method is-config="true" signature="tearDown()[pri:0, instance:bankingTestNG.BankingTestNG@130161f7]" started-at="2021-09-18T20:30:33 IST" name="tearDown" finished-at="2021-09-18T20:30:41 IST" duration-ms="8498" status="PASS">
          <reporter-output>
          </reporter-output>
        </test-method> <!-- tearDown -->
      </class> <!-- bankingTestNG.BankingTestNG -->
    </test> <!-- Default test -->
  </suite> <!-- Default suite -->
</testng-results>
