<?xml version="1.0" encoding="UTF-8"?>
<!-- Generated by org.testng.reporters.JUnitXMLReporter -->
<testsuite ignored="0" hostname="sugantha" failures="0" tests="4" name="Default test" time="269.799" errors="0" timestamp="2021-09-18T20:30:42 IST">
  <testcase classname="bankingTestNG.BankingTestNG" name="testCase" time="4.825"/>
  <testcase classname="bankingTestNG.BankingTestNG" name="testCase" time="15.817"/>
  <testcase classname="bankingTestNG.BankingTestNG" name="testCase" time="1.42"/>
  <testcase classname="bankingTestNG.BankingTestNG" name="testCase" time="18.162"/>
</testsuite> <!-- Default test -->
